0 info it worked if it ends with ok
1 verbose cli [ '/usr/bin/nodejs', '/usr/bin/npm', 'start' ]
2 info using npm@3.8.6
3 info using node@v5.12.0
4 verbose run-script [ 'prestart', 'start', 'poststart' ]
5 info lifecycle webpack-demo@1.0.0~prestart: webpack-demo@1.0.0
6 silly lifecycle webpack-demo@1.0.0~prestart: no script for prestart, continuing
7 info lifecycle webpack-demo@1.0.0~start: webpack-demo@1.0.0
8 verbose lifecycle webpack-demo@1.0.0~start: unsafe-perm in lifecycle true
9 verbose lifecycle webpack-demo@1.0.0~start: PATH: /usr/lib/node_modules/npm/bin/node-gyp-bin:/home/liuyang/git/workspace/webpack/node_modules/.bin:/usr/bin:/home/liuyang/.npm-global/bin:/home/liuyang/env/jdk1.7.0_79/bin:/home/liuyang/env/jdk1.7.0_79/bin:/usr/local/sbin:/usr/local/bin:/usr/sbin:/usr/bin:/sbin:/bin:/usr/games:/usr/local/games
10 verbose lifecycle webpack-demo@1.0.0~start: CWD: /home/liuyang/git/workspace/webpack
11 silly lifecycle webpack-demo@1.0.0~start: Args: [ '-c', 'webpack' ]
12 silly lifecycle webpack-demo@1.0.0~start: Returned: code: 1  signal: null
13 info lifecycle webpack-demo@1.0.0~start: Failed to exec start script
14 verbose stack Error: webpack-demo@1.0.0 start: `webpack`
14 verbose stack Exit status 1
14 verbose stack     at EventEmitter.<anonymous> (/usr/lib/node_modules/npm/lib/utils/lifecycle.js:239:16)
14 verbose stack     at emitTwo (events.js:100:13)
14 verbose stack     at EventEmitter.emit (events.js:185:7)
14 verbose stack     at ChildProcess.<anonymous> (/usr/lib/node_modules/npm/lib/utils/spawn.js:24:14)
14 verbose stack     at emitTwo (events.js:100:13)
14 verbose stack     at ChildProcess.emit (events.js:185:7)
14 verbose stack     at maybeClose (internal/child_process.js:850:16)
14 verbose stack     at Process.ChildProcess._handle.onexit (internal/child_process.js:215:5)
15 verbose pkgid webpack-demo@1.0.0
16 verbose cwd /home/liuyang/git/workspace/webpack/dist/js/page
17 error Linux 3.19.0-25-generic
18 error argv "/usr/bin/nodejs" "/usr/bin/npm" "start"
19 error node v5.12.0
20 error npm  v3.8.6
21 error code ELIFECYCLE
22 error webpack-demo@1.0.0 start: `webpack`
22 error Exit status 1
23 error Failed at the webpack-demo@1.0.0 start script 'webpack'.
23 error Make sure you have the latest version of node.js and npm installed.
23 error If you do, this is most likely a problem with the webpack-demo package,
23 error not with npm itself.
23 error Tell the author that this fails on your system:
23 error     webpack
23 error You can get information on how to open an issue for this project with:
23 error     npm bugs webpack-demo
23 error Or if that isn't available, you can get their info via:
23 error     npm owner ls webpack-demo
23 error There is likely additional logging output above.
24 verbose exit [ 1, true ]
